<?xml version="1.0" encoding="UTF-8"?>
<!-- Generated by org.testng.reporters.JUnitXMLReporter -->
<testsuite ignored="0" hostname="fspratik-ThinkPad-L480" failures="0" tests="2" name="Test" time="1.062" errors="0" timestamp="2024-01-10T16:15:24 IST">
  <testcase classname="Testcases.Employee" name="@BeforeClass Validate_url" time="0.997">
    <failure type="org.openqa.selenium.SessionNotCreatedException" message="Could not start a new session. Response code 500. Message: session not created: Microsoft Edge failed to start: exited normally.
  (session not created: DevToolsActivePort file doesn&amp;apos;t exist)
  (The process started from msedge location /usr/bin/microsoft-edge is no longer running, so msedgedriver is assuming that msedge has crashed.) 
Host info: host: &amp;apos;fspratik-ThinkPad-L480&amp;apos;, ip: &amp;apos;127.0.1.1&amp;apos;
Build info: version: &amp;apos;4.16.1&amp;apos;, revision: &amp;apos;9b4c83354e&amp;apos;
System info: os.name: &amp;apos;Linux&amp;apos;, os.arch: &amp;apos;amd64&amp;apos;, os.version: &amp;apos;5.15.0-91-generic&amp;apos;, java.version: &amp;apos;11.0.21&amp;apos;
Driver info: org.openqa.selenium.edge.EdgeDriver
Command: [null, newSession {capabilities=[Capabilities {browserName: MicrosoftEdge, ms:edgeOptions: {args: [start-maximized, disable-infobars, --disable-extensions, --disable-gpu, --disable-dev-shm-usage, --no-sandbox], extensions: []}}]}]">
      <![CDATA[org.openqa.selenium.SessionNotCreatedException: Could not start a new session. Response code 500. Message: session not created: Microsoft Edge failed to start: exited normally.
  (session not created: DevToolsActivePort file doesn't exist)
  (The process started from msedge location /usr/bin/microsoft-edge is no longer running, so msedgedriver is assuming that msedge has crashed.) 
Host info: host: 'fspratik-ThinkPad-L480', ip: '127.0.1.1'
Build info: version: '4.16.1', revision: '9b4c83354e'
System info: os.name: 'Linux', os.arch: 'amd64', os.version: '5.15.0-91-generic', java.version: '11.0.21'
Driver info: org.openqa.selenium.edge.EdgeDriver
Command: [null, newSession {capabilities=[Capabilities {browserName: MicrosoftEdge, ms:edgeOptions: {args: [start-maximized, disable-infobars, --disable-extensions, --disable-gpu, --disable-dev-shm-usage, --no-sandbox], extensions: []}}]}]
at org.openqa.selenium.remote.ProtocolHandshake.createSession(ProtocolHandshake.java:140)
at org.openqa.selenium.remote.ProtocolHandshake.createSession(ProtocolHandshake.java:96)
at org.openqa.selenium.remote.ProtocolHandshake.createSession(ProtocolHandshake.java:68)
at org.openqa.selenium.remote.HttpCommandExecutor.execute(HttpCommandExecutor.java:163)
at org.openqa.selenium.remote.service.DriverCommandExecutor.invokeExecute(DriverCommandExecutor.java:200)
at org.openqa.selenium.remote.service.DriverCommandExecutor.execute(DriverCommandExecutor.java:175)
at org.openqa.selenium.remote.RemoteWebDriver.execute(RemoteWebDriver.java:523)
at org.openqa.selenium.remote.RemoteWebDriver.startSession(RemoteWebDriver.java:237)
at org.openqa.selenium.remote.RemoteWebDriver.<init>(RemoteWebDriver.java:164)
at org.openqa.selenium.chromium.ChromiumDriver.<init>(ChromiumDriver.java:114)
at org.openqa.selenium.edge.EdgeDriver.<init>(EdgeDriver.java:61)
at org.openqa.selenium.edge.EdgeDriver.<init>(EdgeDriver.java:57)
at org.openqa.selenium.edge.EdgeDriver.<init>(EdgeDriver.java:49)
at Testcases.Employee.Validate_url(Employee.java:27)
at java.base/java.util.ArrayList.forEach(ArrayList.java:1541)
... Removed 29 stack frames]]>
    </failure>
  </testcase> <!-- @BeforeClass Validate_url -->
  <testcase classname="Testcases.Employee" name="@AfterMethod tearDown" time="0.0">
    <skipped/>
  </testcase> <!-- @AfterMethod tearDown -->
  <testcase classname="Testcases.Employee" name="@AfterMethod tearDown" time="0.0">
    <skipped/>
  </testcase> <!-- @AfterMethod tearDown -->
  <testcase classname="Testcases.Employee" name="testCase1" time="0.0">
    <skipped/>
  </testcase> <!-- testCase1 -->
  <testcase classname="Testcases.Employee" name="testCase2" time="0.0">
    <skipped/>
  </testcase> <!-- testCase2 -->
</testsuite> <!-- Test -->
