<?xml version="1.0" encoding="UTF-8"?>
<testng-results ignored="0" total="1" passed="1" failed="0" skipped="0">
  <reporter-output>
  </reporter-output>
  <suite started-at="2023-10-31T11:15:44 IST" name="Suite" finished-at="2023-10-31T11:15:44 IST" duration-ms="48">
    <groups>
    </groups>
    <test started-at="2023-10-31T11:15:44 IST" name="Test" finished-at="2023-10-31T11:15:44 IST" duration-ms="48">
      <class name="Testcases.Employee">
        <test-method signature="test1()[pri:0, instance:Testcases.Employee@7f1302d6]" started-at="2023-10-31T11:15:44 IST" name="test1" finished-at="2023-10-31T11:15:44 IST" duration-ms="4" status="PASS">
          <reporter-output>
          </reporter-output>
        </test-method> <!-- test1 -->
      </class> <!-- Testcases.Employee -->
    </test> <!-- Test -->
  </suite> <!-- Suite -->
</testng-results>
