<?xml version="1.0" encoding="UTF-8"?>
<testng-results ignored="0" total="1" passed="1" failed="0" skipped="0">
  <reporter-output>
  </reporter-output>
  <suite started-at="2024-01-09T11:50:01 IST" name="Suite" finished-at="2024-01-09T11:50:06 IST" duration-ms="4443">
    <groups>
    </groups>
    <test started-at="2024-01-09T11:50:01 IST" name="Test" finished-at="2024-01-09T11:50:06 IST" duration-ms="4443">
      <class name="Testcases.Employee">
        <test-method signature="Validate_url()[pri:0, instance:Testcases.Employee@46cdf8bd]" started-at="2024-01-09T11:50:01 IST" name="Validate_url" finished-at="2024-01-09T11:50:06 IST" duration-ms="4373" status="PASS">
          <reporter-output>
          </reporter-output>
        </test-method> <!-- Validate_url -->
      </class> <!-- Testcases.Employee -->
    </test> <!-- Test -->
  </suite> <!-- Suite -->
</testng-results>
