<?xml version="1.0" encoding="UTF-8"?>
<testng-results ignored="0" total="1" passed="1" failed="0" skipped="0">
  <reporter-output>
  </reporter-output>
  <suite started-at="2023-10-31T16:00:35 IST" name="Default suite" finished-at="2023-10-31T16:00:38 IST" duration-ms="3103">
    <groups>
    </groups>
    <test started-at="2023-10-31T16:00:35 IST" name="Default test" finished-at="2023-10-31T16:00:38 IST" duration-ms="3103">
      <class name="Testcases.Employee">
        <test-method signature="Validate_url()[pri:0, instance:Testcases.Employee@6c64cb25]" started-at="2023-10-31T16:00:35 IST" name="Validate_url" finished-at="2023-10-31T16:00:38 IST" duration-ms="3052" status="PASS">
          <reporter-output>
          </reporter-output>
        </test-method> <!-- Validate_url -->
      </class> <!-- Testcases.Employee -->
    </test> <!-- Default test -->
  </suite> <!-- Default suite -->
</testng-results>
